<?xml version="1.0" encoding="UTF-8"?>
<!-- Generated by org.testng.reporters.JUnitXMLReporter -->
<testsuite hostname="DESKTOP-QBAU7DK" name="Default test" tests="4" failures="0" timestamp="20 Nov 2019 06:02:20 GMT" time="0.055" errors="0">
  <testcase name="sum1" time="0.021" classname="com.qa.TestA"/>
  <testcase name="sum2" time="0.001" classname="com.qa.TestA"/>
  <testcase name="sum3" time="0.001" classname="com.qa.TestB"/>
  <testcase name="sum4" time="0.001" classname="com.qa.TestB"/>
</testsuite> <!-- Default test -->
