<?xml version="1.0" encoding="UTF-8"?>
<testng-results skipped="0" failed="0" total="4" passed="4">
  <reporter-output>
  </reporter-output>
  <suite name="Suite" duration-ms="36" started-at="2019-11-20T09:03:51Z" finished-at="2019-11-20T09:03:51Z">
    <groups>
    </groups>
    <test name="Test" duration-ms="36" started-at="2019-11-20T09:03:51Z" finished-at="2019-11-20T09:03:51Z">
      <class name="com.qa.TestB">
        <test-method status="PASS" signature="sum3()[pri:0, instance:com.qa.TestB@56cbfb61]" name="sum3" duration-ms="1" started-at="2019-11-20T14:33:51Z" finished-at="2019-11-20T14:33:51Z">
          <reporter-output>
          </reporter-output>
        </test-method> <!-- sum3 -->
        <test-method status="PASS" signature="sum4()[pri:0, instance:com.qa.TestB@56cbfb61]" name="sum4" duration-ms="1" started-at="2019-11-20T14:33:51Z" finished-at="2019-11-20T14:33:51Z">
          <reporter-output>
          </reporter-output>
        </test-method> <!-- sum4 -->
      </class> <!-- com.qa.TestB -->
      <class name="com.qa.TestA">
        <test-method status="PASS" signature="sum1()[pri:0, instance:com.qa.TestA@2c8d66b2]" name="sum1" duration-ms="13" started-at="2019-11-20T14:33:51Z" finished-at="2019-11-20T14:33:51Z">
          <reporter-output>
          </reporter-output>
        </test-method> <!-- sum1 -->
        <test-method status="PASS" signature="sum2()[pri:0, instance:com.qa.TestA@2c8d66b2]" name="sum2" duration-ms="1" started-at="2019-11-20T14:33:51Z" finished-at="2019-11-20T14:33:51Z">
          <reporter-output>
          </reporter-output>
        </test-method> <!-- sum2 -->
      </class> <!-- com.qa.TestA -->
    </test> <!-- Test -->
  </suite> <!-- Suite -->
</testng-results>
