<?xml version="1.0" encoding="UTF-8"?>
<testng-results skipped="0" failed="0" total="2" passed="2">
  <reporter-output>
  </reporter-output>
  <suite name="Suite" duration-ms="37" started-at="2019-11-20T06:03:36Z" finished-at="2019-11-20T06:03:36Z">
    <groups>
    </groups>
    <test name="Test" duration-ms="37" started-at="2019-11-20T06:03:36Z" finished-at="2019-11-20T06:03:36Z">
      <class name="com.qa.TestA">
        <test-method status="PASS" signature="sum1()[pri:0, instance:com.qa.TestA@66048bfd]" name="sum1" duration-ms="17" started-at="2019-11-20T11:33:36Z" finished-at="2019-11-20T11:33:36Z">
          <reporter-output>
          </reporter-output>
        </test-method> <!-- sum1 -->
        <test-method status="PASS" signature="sum2()[pri:0, instance:com.qa.TestA@66048bfd]" name="sum2" duration-ms="0" started-at="2019-11-20T11:33:36Z" finished-at="2019-11-20T11:33:36Z">
          <reporter-output>
          </reporter-output>
        </test-method> <!-- sum2 -->
      </class> <!-- com.qa.TestA -->
    </test> <!-- Test -->
  </suite> <!-- Suite -->
</testng-results>
